0 info it worked if it ends with ok
1 verbose cli [ '/usr/local/bin/node',
1 verbose cli   '/usr/local/bin/npm',
1 verbose cli   'run',
1 verbose cli   'start-dev' ]
2 info using npm@3.10.10
3 info using node@v6.10.3
4 verbose run-script [ 'prestart-dev', 'start-dev', 'poststart-dev' ]
5 info lifecycle vizchange-animation-story@0.0.1~prestart-dev: vizchange-animation-story@0.0.1
6 silly lifecycle vizchange-animation-story@0.0.1~prestart-dev: no script for prestart-dev, continuing
7 info lifecycle vizchange-animation-story@0.0.1~start-dev: vizchange-animation-story@0.0.1
8 verbose lifecycle vizchange-animation-story@0.0.1~start-dev: unsafe-perm in lifecycle true
9 verbose lifecycle vizchange-animation-story@0.0.1~start-dev: PATH: /usr/local/lib/node_modules/npm/bin/node-gyp-bin:/home/masema/workspace/vizchange/story-beta/node_modules/.bin:/usr/local/sbin:/usr/local/bin:/usr/sbin:/usr/bin:/sbin:/bin:/snap/bin
10 verbose lifecycle vizchange-animation-story@0.0.1~start-dev: CWD: /home/masema/workspace/vizchange/story-beta
11 silly lifecycle vizchange-animation-story@0.0.1~start-dev: Args: [ '-c', 'npx nodemon index.js' ]
12 info lifecycle vizchange-animation-story@0.0.1~start-dev: Failed to exec start-dev script
13 verbose stack Error: vizchange-animation-story@0.0.1 start-dev: `npx nodemon index.js`
13 verbose stack spawn ENOENT
13 verbose stack     at ChildProcess.<anonymous> (/usr/local/lib/node_modules/npm/lib/utils/spawn.js:33:16)
13 verbose stack     at emitTwo (events.js:106:13)
13 verbose stack     at ChildProcess.emit (events.js:191:7)
13 verbose stack     at maybeClose (internal/child_process.js:886:16)
13 verbose stack     at Process.ChildProcess._handle.onexit (internal/child_process.js:226:5)
14 verbose pkgid vizchange-animation-story@0.0.1
15 verbose cwd /home/masema/workspace/vizchange/story-beta
16 error Linux 5.15.0-60-generic
17 error argv "/usr/local/bin/node" "/usr/local/bin/npm" "run" "start-dev"
18 error node v6.10.3
19 error npm  v3.10.10
20 error file sh
21 error code ELIFECYCLE
22 error errno ENOENT
23 error syscall spawn
24 error vizchange-animation-story@0.0.1 start-dev: `npx nodemon index.js`
24 error spawn ENOENT
25 error Failed at the vizchange-animation-story@0.0.1 start-dev script 'npx nodemon index.js'.
25 error Make sure you have the latest version of node.js and npm installed.
25 error If you do, this is most likely a problem with the vizchange-animation-story package,
25 error not with npm itself.
25 error Tell the author that this fails on your system:
25 error     npx nodemon index.js
25 error You can get information on how to open an issue for this project with:
25 error     npm bugs vizchange-animation-story
25 error Or if that isn't available, you can get their info via:
25 error     npm owner ls vizchange-animation-story
25 error There is likely additional logging output above.
26 verbose exit [ 1, true ]
